23:09:43.998 [main] INFO  com.ggeit.pay.BzWebApplication - Starting BzWebApplication on LAPTOP-999H49BF with PID 37740 (E:\SpringBootPtoject\MogoDB_demo\target\classes started by ASUS in E:\SpringBootPtoject\MogoDB_demo)
23:09:44.000 [main] INFO  com.ggeit.pay.BzWebApplication - The following profiles are active: dev2
23:09:44.151 [main] INFO  o.s.b.c.e.AnnotationConfigEmbeddedWebApplicationContext - Refreshing org.springframework.boot.context.embedded.AnnotationConfigEmbeddedWebApplicationContext@50ad3bc1: startup date [Tue Mar 31 23:09:44 CST 2020]; root of context hierarchy
23:09:44.642 [main] WARN  o.m.s.mapper.ClassPathMapperScanner - No MyBatis mapper was found in '[com.ggeit.pay]' package. Please check your configuration.
23:09:45.725 [main] INFO  o.s.b.c.e.t.TomcatEmbeddedServletContainer - Tomcat initialized with port(s): 8080 (http)
23:09:45.734 [main] INFO  o.a.catalina.core.StandardService - Starting service Tomcat
23:09:45.735 [main] INFO  o.a.catalina.core.StandardEngine - Starting Servlet Engine: Apache Tomcat/8.0.53
23:09:45.964 [localhost-startStop-1] INFO  org.apache.jasper.servlet.TldScanner - At least one JAR was scanned for TLDs yet contained no TLDs. Enable debug logging for this logger for a complete list of JARs that were scanned but no TLDs were found in them. Skipping unneeded JARs during scanning can improve startup time and JSP compilation time.
23:09:45.972 [localhost-startStop-1] INFO  o.a.c.c.C.[Tomcat].[localhost].[/] - Initializing Spring embedded WebApplicationContext
23:09:45.972 [localhost-startStop-1] INFO  o.s.web.context.ContextLoader - Root WebApplicationContext: initialization completed in 1821 ms
23:09:45.972 [localhost-startStop-1] INFO  o.s.web.context.ContextLoader - Root WebApplicationContext: initialization completed in 1821 ms
23:09:46.133 [localhost-startStop-1] INFO  o.s.b.w.s.ServletRegistrationBean - Mapping servlet: 'dispatcherServlet' to [/]
23:09:46.135 [localhost-startStop-1] INFO  o.s.b.w.s.ServletRegistrationBean - Mapping servlet: 'statViewServlet' to [/druid/*]
23:09:46.137 [localhost-startStop-1] INFO  o.s.b.w.s.FilterRegistrationBean - Mapping filter: 'characterEncodingFilter' to: [/*]
23:09:46.137 [localhost-startStop-1] INFO  o.s.b.w.s.FilterRegistrationBean - Mapping filter: 'hiddenHttpMethodFilter' to: [/*]
23:09:46.137 [localhost-startStop-1] INFO  o.s.b.w.s.FilterRegistrationBean - Mapping filter: 'httpPutFormContentFilter' to: [/*]
23:09:46.138 [localhost-startStop-1] INFO  o.s.b.w.s.FilterRegistrationBean - Mapping filter: 'requestContextFilter' to: [/*]
23:09:46.138 [localhost-startStop-1] INFO  o.s.b.w.s.FilterRegistrationBean - Mapping filter: 'webStatFilter' to urls: [/*]
23:09:47.150 [main] INFO  org.mongodb.driver.cluster - Cluster created with settings {hosts=[localhost:27017], mode=SINGLE, requiredClusterType=UNKNOWN, serverSelectionTimeout='30000 ms', maxWaitQueueSize=500}
23:09:47.193 [cluster-ClusterId{value='5e835d3bdea0be936c594ad5', description='null'}-localhost:27017] INFO  org.mongodb.driver.connection - Opened connection [connectionId{localValue:1, serverValue:4}] to localhost:27017
23:09:47.195 [cluster-ClusterId{value='5e835d3bdea0be936c594ad5', description='null'}-localhost:27017] INFO  org.mongodb.driver.cluster - Monitor thread successfully connected to server with description ServerDescription{address=localhost:27017, type=STANDALONE, state=CONNECTED, ok=true, version=ServerVersion{versionList=[4, 2, 2]}, minWireVersion=0, maxWireVersion=8, maxDocumentSize=16777216, roundTripTimeNanos=367900}
23:09:47.540 [main] INFO  o.s.w.s.m.m.a.RequestMappingHandlerAdapter - Looking for @ControllerAdvice: org.springframework.boot.context.embedded.AnnotationConfigEmbeddedWebApplicationContext@50ad3bc1: startup date [Tue Mar 31 23:09:44 CST 2020]; root of context hierarchy
23:09:47.540 [main] INFO  o.s.w.s.m.m.a.RequestMappingHandlerAdapter - Looking for @ControllerAdvice: org.springframework.boot.context.embedded.AnnotationConfigEmbeddedWebApplicationContext@50ad3bc1: startup date [Tue Mar 31 23:09:44 CST 2020]; root of context hierarchy
23:09:47.585 [main] INFO  o.s.w.s.m.m.a.RequestMappingHandlerMapping - Mapped "{[/lay/findbysid],methods=[GET]}" onto public com.ggeit.pay.entity.DiseaseInfo com.ggeit.pay.controller.DataController.index(javax.servlet.http.HttpServletRequest,javax.servlet.http.HttpServletResponse,java.lang.String) throws java.lang.Exception
23:09:47.585 [main] INFO  o.s.w.s.m.m.a.RequestMappingHandlerMapping - Mapped "{[/lay/findbysid],methods=[GET]}" onto public com.ggeit.pay.entity.DiseaseInfo com.ggeit.pay.controller.DataController.index(javax.servlet.http.HttpServletRequest,javax.servlet.http.HttpServletResponse,java.lang.String) throws java.lang.Exception
23:09:47.585 [main] INFO  o.s.w.s.m.m.a.RequestMappingHandlerMapping - Mapped "{[/lay/find],methods=[GET]}" onto public java.lang.String com.ggeit.pay.controller.UserInfoController.index(javax.servlet.http.HttpServletRequest,javax.servlet.http.HttpServletResponse,java.lang.String) throws java.lang.Exception
23:09:47.585 [main] INFO  o.s.w.s.m.m.a.RequestMappingHandlerMapping - Mapped "{[/lay/find],methods=[GET]}" onto public java.lang.String com.ggeit.pay.controller.UserInfoController.index(javax.servlet.http.HttpServletRequest,javax.servlet.http.HttpServletResponse,java.lang.String) throws java.lang.Exception
23:09:47.586 [main] INFO  o.s.w.s.m.m.a.RequestMappingHandlerMapping - Mapped "{[/error]}" onto public org.springframework.http.ResponseEntity<java.util.Map<java.lang.String, java.lang.Object>> org.springframework.boot.autoconfigure.web.BasicErrorController.error(javax.servlet.http.HttpServletRequest)
23:09:47.586 [main] INFO  o.s.w.s.m.m.a.RequestMappingHandlerMapping - Mapped "{[/error]}" onto public org.springframework.http.ResponseEntity<java.util.Map<java.lang.String, java.lang.Object>> org.springframework.boot.autoconfigure.web.BasicErrorController.error(javax.servlet.http.HttpServletRequest)
23:09:47.587 [main] INFO  o.s.w.s.m.m.a.RequestMappingHandlerMapping - Mapped "{[/error],produces=[text/html]}" onto public org.springframework.web.servlet.ModelAndView org.springframework.boot.autoconfigure.web.BasicErrorController.errorHtml(javax.servlet.http.HttpServletRequest,javax.servlet.http.HttpServletResponse)
23:09:47.587 [main] INFO  o.s.w.s.m.m.a.RequestMappingHandlerMapping - Mapped "{[/error],produces=[text/html]}" onto public org.springframework.web.servlet.ModelAndView org.springframework.boot.autoconfigure.web.BasicErrorController.errorHtml(javax.servlet.http.HttpServletRequest,javax.servlet.http.HttpServletResponse)
23:09:47.608 [main] INFO  o.s.w.s.h.SimpleUrlHandlerMapping - Mapped URL path [/webjars/**] onto handler of type [class org.springframework.web.servlet.resource.ResourceHttpRequestHandler]
23:09:47.608 [main] INFO  o.s.w.s.h.SimpleUrlHandlerMapping - Mapped URL path [/webjars/**] onto handler of type [class org.springframework.web.servlet.resource.ResourceHttpRequestHandler]
23:09:47.609 [main] INFO  o.s.w.s.h.SimpleUrlHandlerMapping - Mapped URL path [/**] onto handler of type [class org.springframework.web.servlet.resource.ResourceHttpRequestHandler]
23:09:47.609 [main] INFO  o.s.w.s.h.SimpleUrlHandlerMapping - Mapped URL path [/**] onto handler of type [class org.springframework.web.servlet.resource.ResourceHttpRequestHandler]
23:09:47.641 [main] INFO  o.s.w.s.h.SimpleUrlHandlerMapping - Mapped URL path [/**/favicon.ico] onto handler of type [class org.springframework.web.servlet.resource.ResourceHttpRequestHandler]
23:09:47.641 [main] INFO  o.s.w.s.h.SimpleUrlHandlerMapping - Mapped URL path [/**/favicon.ico] onto handler of type [class org.springframework.web.servlet.resource.ResourceHttpRequestHandler]
23:09:48.177 [main] INFO  c.a.d.s.b.a.DruidDataSourceAutoConfigure - Init DruidDataSource
23:09:48.326 [main] INFO  c.alibaba.druid.pool.DruidDataSource - {dataSource-1} inited
23:09:48.739 [main] INFO  o.s.j.e.a.AnnotationMBeanExporter - Registering beans for JMX exposure on startup
23:09:48.740 [main] INFO  o.s.j.e.a.AnnotationMBeanExporter - Bean with name 'statFilter' has been autodetected for JMX exposure
23:09:48.740 [main] INFO  o.s.j.e.a.AnnotationMBeanExporter - Bean with name 'dataSource' has been autodetected for JMX exposure
23:09:48.744 [main] INFO  o.s.j.e.a.AnnotationMBeanExporter - Located MBean 'dataSource': registering with JMX server as MBean [project2:name=dataSource,type=DruidDataSourceWrapper]
23:09:48.744 [main] INFO  o.s.j.e.a.AnnotationMBeanExporter - Located MBean 'statFilter': registering with JMX server as MBean [project2:name=statFilter,type=StatFilter]
23:09:48.800 [main] INFO  o.s.b.c.e.t.TomcatEmbeddedServletContainer - Tomcat started on port(s): 8080 (http)
23:09:48.803 [main] INFO  com.ggeit.pay.BzWebApplication - Started BzWebApplication in 5.246 seconds (JVM running for 5.591)
